<?xml version="1.0" encoding="UTF-8"?>
<testsuite xmlns:xsi="http://www.w3.org/2001/XMLSchema-instance" xsi:noNamespaceSchemaLocation="https://maven.apache.org/surefire/maven-surefire-plugin/xsd/surefire-test-report.xsd" version="3.0.2" name="flooring.dao.OrderDaoFileImplTest" time="0.058" tests="6" errors="0" skipped="0" failures="0">
  <properties>
[...]
</properties>
  <testcase name="testEditOrder" classname="flooring.dao.OrderDaoFileImplTest" time="0.029"/>
  <testcase name="testRemoveOrder" classname="flooring.dao.OrderDaoFileImplTest" time="0.002"/>
  <testcase name="testAddOrder" classname="flooring.dao.OrderDaoFileImplTest" time="0.001"/>
  <testcase name="testGetNextOrderNumber" classname="flooring.dao.OrderDaoFileImplTest" time="0.005"/>
  <testcase name="testGetOrdersByDate" classname="flooring.dao.OrderDaoFileImplTest" time="0.001"/>
  <testcase name="testExportAllData" classname="flooring.dao.OrderDaoFileImplTest" time="0.006"/>
</testsuite>